TN:
SF:index.js
FN:51,(anonymous_0)
FN:59,(anonymous_1)
FN:78,(anonymous_2)
FN:88,(anonymous_3)
FN:97,(anonymous_4)
FN:101,(anonymous_5)
FN:120,(anonymous_6)
FN:124,(anonymous_7)
FN:127,onStarted
FN:132,onError
FN:157,(anonymous_10)
FN:161,(anonymous_11)
FN:164,onStopped
FN:169,onError
FN:186,(anonymous_14)
FN:221,(anonymous_15)
FNF:16
FNH:15
FNDA:20,(anonymous_0)
FNDA:68,(anonymous_1)
FNDA:1,(anonymous_2)
FNDA:1,(anonymous_3)
FNDA:7,(anonymous_4)
FNDA:0,(anonymous_5)
FNDA:9,(anonymous_6)
FNDA:7,(anonymous_7)
FNDA:6,onStarted
FNDA:1,onError
FNDA:8,(anonymous_10)
FNDA:6,(anonymous_11)
FNDA:5,onStopped
FNDA:1,onError
FNDA:43,(anonymous_14)
FNDA:33,(anonymous_15)
DA:1,1
DA:2,1
DA:47,20
DA:49,20
DA:52,20
DA:60,68
DA:61,68
DA:62,52
DA:63,44
DA:64,68
DA:79,1
DA:89,1
DA:121,9
DA:122,8
DA:123,7
DA:124,7
DA:125,7
DA:126,7
DA:128,6
DA:129,6
DA:133,1
DA:134,1
DA:158,8
DA:159,7
DA:160,6
DA:161,6
DA:162,6
DA:163,6
DA:165,5
DA:166,5
DA:170,1
DA:171,1
DA:187,43
DA:189,4
DA:191,4
DA:193,4
DA:195,11
DA:198,2
DA:200,2
DA:205,22
DA:206,22
DA:207,22
DA:208,16
DA:210,6
DA:211,6
DA:222,33
DA:224,3
DA:225,3
DA:227,4
DA:229,12
DA:232,2
DA:233,2
DA:238,12
DA:239,12
DA:240,12
DA:241,8
DA:243,4
DA:244,4
DA:249,1
LF:59
LH:59
BRDA:61,0,0,16
BRDA:61,0,1,52
BRDA:62,1,0,8
BRDA:62,1,1,44
BRDA:63,2,0,10
BRDA:63,2,1,34
BRDA:121,3,0,1
BRDA:121,3,1,8
BRDA:122,4,0,1
BRDA:122,4,1,7
BRDA:158,5,0,1
BRDA:158,5,1,7
BRDA:159,6,0,1
BRDA:159,6,1,6
BRDA:187,7,0,4
BRDA:187,7,1,4
BRDA:187,7,2,11
BRDA:187,7,3,2
BRDA:187,7,4,22
BRDA:187,7,5,22
BRDA:222,8,0,3
BRDA:222,8,1,4
BRDA:222,8,2,12
BRDA:222,8,3,2
BRDA:222,8,4,12
BRDA:222,8,5,12
BRF:26
BRH:26
end_of_record
